The MPI test test_mpi for C in mode normal failed to compile with the following output:
Change Dir: C:/Users/david/shared-folder/PDEs/nmpde-labs/NMPDE_Project/cmake-build-debug/CMakeFiles/CMakeTmp

Run Build Command(s):C:/PROGRA~1/JETBRA~1/CLION2~1.3/bin/mingw/bin/mingw32-make.exe -f Makefile cmTC_3285c/fast && C:/PROGRA~1/JETBRA~1/CLION2~1.3/bin/mingw/bin/mingw32-make.exe  -f CMakeFiles\cmTC_3285c.dir\build.make CMakeFiles/cmTC_3285c.dir/build
mingw32-make[1]: Entering directory 'C:/Users/david/shared-folder/PDEs/nmpde-labs/NMPDE_Project/cmake-build-debug/CMakeFiles/CMakeTmp'
Building C object CMakeFiles/cmTC_3285c.dir/test_mpi.c.obj
C:\PROGRA~1\JETBRA~1\CLION2~1.3\bin\mingw\bin\gcc.exe   -fdiagnostics-color=always -o CMakeFiles\cmTC_3285c.dir\test_mpi.c.obj -c "C:\Program Files\JetBrains\CLion 2022.3\bin\cmake\win\share\cmake-3.24\Modules\FindMPI\test_mpi.c"
[01m[KC:\Program Files\JetBrains\CLion 2022.3\bin\cmake\win\share\cmake-3.24\Modules\FindMPI\test_mpi.c:1:10:[m[K [01;31m[Kfatal error: [m[Kmpi.h: No such file or directory
    1 | #include [01;31m[K<mpi.h>[m[K
      |          [01;31m[K^~~~~~~[m[K
compilation terminated.
mingw32-make[1]: *** [CMakeFiles\cmTC_3285c.dir\build.make:77: CMakeFiles/cmTC_3285c.dir/test_mpi.c.obj] Error 1
mingw32-make[1]: Leaving directory 'C:/Users/david/shared-folder/PDEs/nmpde-labs/NMPDE_Project/cmake-build-debug/CMakeFiles/CMakeTmp'
mingw32-make: *** [Makefile:126: cmTC_3285c/fast] Error 2



The MPI test test_mpi for CXX in mode normal failed to compile with the following output:
Change Dir: C:/Users/david/shared-folder/PDEs/nmpde-labs/NMPDE_Project/cmake-build-debug/CMakeFiles/CMakeTmp

Run Build Command(s):C:/PROGRA~1/JETBRA~1/CLION2~1.3/bin/mingw/bin/mingw32-make.exe -f Makefile cmTC_4d8ff/fast && C:/PROGRA~1/JETBRA~1/CLION2~1.3/bin/mingw/bin/mingw32-make.exe  -f CMakeFiles\cmTC_4d8ff.dir\build.make CMakeFiles/cmTC_4d8ff.dir/build
mingw32-make[1]: Entering directory 'C:/Users/david/shared-folder/PDEs/nmpde-labs/NMPDE_Project/cmake-build-debug/CMakeFiles/CMakeTmp'
Building CXX object CMakeFiles/cmTC_4d8ff.dir/test_mpi.cpp.obj
C:\PROGRA~1\JETBRA~1\CLION2~1.3\bin\mingw\bin\G__~1.EXE   -fdiagnostics-color=always -std=gnu++17 -o CMakeFiles\cmTC_4d8ff.dir\test_mpi.cpp.obj -c C:\Users\david\shared-folder\PDEs\nmpde-labs\NMPDE_Project\cmake-build-debug\CMakeFiles\FindMPI\test_mpi.cpp
[01m[KC:\Users\david\shared-folder\PDEs\nmpde-labs\NMPDE_Project\cmake-build-debug\CMakeFiles\FindMPI\test_mpi.cpp:1:10:[m[K [01;31m[Kfatal error: [m[Kmpi.h: No such file or directory
    1 | #include [01;31m[K<mpi.h>[m[K
      |          [01;31m[K^~~~~~~[m[K
compilation terminated.
mingw32-make[1]: *** [CMakeFiles\cmTC_4d8ff.dir\build.make:77: CMakeFiles/cmTC_4d8ff.dir/test_mpi.cpp.obj] Error 1
mingw32-make[1]: Leaving directory 'C:/Users/david/shared-folder/PDEs/nmpde-labs/NMPDE_Project/cmake-build-debug/CMakeFiles/CMakeTmp'
mingw32-make: *** [Makefile:126: cmTC_4d8ff/fast] Error 2



The MPI test test_mpi for C in mode normal failed to compile with the following output:
Change Dir: C:/Users/david/shared-folder/PDEs/nmpde-labs/NMPDE_Project/cmake-build-debug/CMakeFiles/CMakeTmp

Run Build Command(s):C:/PROGRA~1/JETBRA~1/CLION2~1.3/bin/mingw/bin/mingw32-make.exe -f Makefile cmTC_dc079/fast && C:/PROGRA~1/JETBRA~1/CLION2~1.3/bin/mingw/bin/mingw32-make.exe  -f CMakeFiles\cmTC_dc079.dir\build.make CMakeFiles/cmTC_dc079.dir/build
mingw32-make[1]: Entering directory 'C:/Users/david/shared-folder/PDEs/nmpde-labs/NMPDE_Project/cmake-build-debug/CMakeFiles/CMakeTmp'
Building C object CMakeFiles/cmTC_dc079.dir/test_mpi.c.obj
C:\PROGRA~1\JETBRA~1\CLION2~1.3\bin\mingw\bin\gcc.exe   -fdiagnostics-color=always -o CMakeFiles\cmTC_dc079.dir\test_mpi.c.obj -c "C:\Program Files\JetBrains\CLion 2022.3\bin\cmake\win\share\cmake-3.24\Modules\FindMPI\test_mpi.c"
[01m[KC:\Program Files\JetBrains\CLion 2022.3\bin\cmake\win\share\cmake-3.24\Modules\FindMPI\test_mpi.c:1:10:[m[K [01;31m[Kfatal error: [m[Kmpi.h: No such file or directory
    1 | #include [01;31m[K<mpi.h>[m[K
      |          [01;31m[K^~~~~~~[m[K
compilation terminated.
mingw32-make[1]: *** [CMakeFiles\cmTC_dc079.dir\build.make:77: CMakeFiles/cmTC_dc079.dir/test_mpi.c.obj] Error 1
mingw32-make[1]: Leaving directory 'C:/Users/david/shared-folder/PDEs/nmpde-labs/NMPDE_Project/cmake-build-debug/CMakeFiles/CMakeTmp'
mingw32-make: *** [Makefile:126: cmTC_dc079/fast] Error 2



The MPI test test_mpi for CXX in mode normal failed to compile with the following output:
Change Dir: C:/Users/david/shared-folder/PDEs/nmpde-labs/NMPDE_Project/cmake-build-debug/CMakeFiles/CMakeTmp

Run Build Command(s):C:/PROGRA~1/JETBRA~1/CLION2~1.3/bin/mingw/bin/mingw32-make.exe -f Makefile cmTC_babd9/fast && C:/PROGRA~1/JETBRA~1/CLION2~1.3/bin/mingw/bin/mingw32-make.exe  -f CMakeFiles\cmTC_babd9.dir\build.make CMakeFiles/cmTC_babd9.dir/build
mingw32-make[1]: Entering directory 'C:/Users/david/shared-folder/PDEs/nmpde-labs/NMPDE_Project/cmake-build-debug/CMakeFiles/CMakeTmp'
Building CXX object CMakeFiles/cmTC_babd9.dir/test_mpi.cpp.obj
C:\PROGRA~1\JETBRA~1\CLION2~1.3\bin\mingw\bin\G__~1.EXE   -fdiagnostics-color=always -std=gnu++17 -o CMakeFiles\cmTC_babd9.dir\test_mpi.cpp.obj -c C:\Users\david\shared-folder\PDEs\nmpde-labs\NMPDE_Project\cmake-build-debug\CMakeFiles\FindMPI\test_mpi.cpp
[01m[KC:\Users\david\shared-folder\PDEs\nmpde-labs\NMPDE_Project\cmake-build-debug\CMakeFiles\FindMPI\test_mpi.cpp:1:10:[m[K [01;31m[Kfatal error: [m[Kmpi.h: No such file or directory
    1 | #include [01;31m[K<mpi.h>[m[K
      |          [01;31m[K^~~~~~~[m[K
compilation terminated.
mingw32-make[1]: *** [CMakeFiles\cmTC_babd9.dir\build.make:77: CMakeFiles/cmTC_babd9.dir/test_mpi.cpp.obj] Error 1
mingw32-make[1]: Leaving directory 'C:/Users/david/shared-folder/PDEs/nmpde-labs/NMPDE_Project/cmake-build-debug/CMakeFiles/CMakeTmp'
mingw32-make: *** [Makefile:126: cmTC_babd9/fast] Error 2



